<?xml version="1.0" encoding="UTF-8"?>
<testng-results ignored="1" total="2" passed="1" failed="0" skipped="0">
  <reporter-output>
  </reporter-output>
  <suite started-at="2024-07-11T21:15:14 IST" name="Default suite" finished-at="2024-07-11T21:15:16 IST" duration-ms="2613">
    <groups>
    </groups>
    <test started-at="2024-07-11T21:15:14 IST" name="Default test" finished-at="2024-07-11T21:15:16 IST" duration-ms="2613">
      <class name="testcases.SeleFeatures">
        <test-method is-config="true" signature="setup()[pri:0, instance:testcases.SeleFeatures@4802796d]" started-at="2024-07-11T21:15:14 IST" name="setup" finished-at="2024-07-11T21:15:16 IST" duration-ms="2415" status="PASS">
          <reporter-output>
          </reporter-output>
        </test-method> <!-- setup -->
        <test-method signature="iframeAndAlertHandle()[pri:0, instance:testcases.SeleFeatures@4802796d]" started-at="2024-07-11T21:15:16 IST" name="iframeAndAlertHandle" finished-at="2024-07-11T21:15:16 IST" duration-ms="10" status="PASS">
          <reporter-output>
          </reporter-output>
        </test-method> <!-- iframeAndAlertHandle -->
        <test-method is-config="true" signature="tearDown()[pri:0, instance:testcases.SeleFeatures@4802796d]" started-at="2024-07-11T21:15:16 IST" name="tearDown" finished-at="2024-07-11T21:15:16 IST" duration-ms="141" status="PASS">
          <reporter-output>
          </reporter-output>
        </test-method> <!-- tearDown -->
      </class> <!-- testcases.SeleFeatures -->
    </test> <!-- Default test -->
  </suite> <!-- Default suite -->
</testng-results>
