<?xml version="1.0" encoding="UTF-8"?>
<testng-results ignored="0" total="1" passed="1" failed="0" skipped="0">
  <reporter-output>
  </reporter-output>
  <suite started-at="2024-06-21T17:54:18 IST" name="Default suite" finished-at="2024-06-21T17:54:32 IST" duration-ms="14141">
    <groups>
    </groups>
    <test started-at="2024-06-21T17:54:18 IST" name="Default test" finished-at="2024-06-21T17:54:32 IST" duration-ms="14141">
      <class name="Basic_Functions.multiWindowHandle">
        <test-method signature="multiWindowHandle_method()[pri:0, instance:Basic_Functions.multiWindowHandle@223191a6]" started-at="2024-06-21T17:54:18 IST" name="multiWindowHandle_method" finished-at="2024-06-21T17:54:32 IST" duration-ms="14109" status="PASS">
          <reporter-output>
          </reporter-output>
        </test-method> <!-- multiWindowHandle_method -->
      </class> <!-- Basic_Functions.multiWindowHandle -->
    </test> <!-- Default test -->
  </suite> <!-- Default suite -->
</testng-results>
