<?xml version="1.0" encoding="UTF-8"?>
<testng-results ignored="0" total="1" passed="1" failed="0" skipped="0">
  <reporter-output>
  </reporter-output>
  <suite started-at="2024-07-08T12:13:29 IST" name="Default suite" finished-at="2024-07-08T12:13:32 IST" duration-ms="3228">
    <groups>
    </groups>
    <test started-at="2024-07-08T12:13:29 IST" name="Default test" finished-at="2024-07-08T12:13:32 IST" duration-ms="3228">
      <class name="Basic_Functions.uploadFile">
        <test-method signature="uploadFileTest()[pri:0, instance:Basic_Functions.uploadFile@59662a0b]" started-at="2024-07-08T12:13:29 IST" name="uploadFileTest" finished-at="2024-07-08T12:13:32 IST" duration-ms="3195" status="PASS">
          <reporter-output>
          </reporter-output>
        </test-method> <!-- uploadFileTest -->
      </class> <!-- Basic_Functions.uploadFile -->
    </test> <!-- Default test -->
  </suite> <!-- Default suite -->
</testng-results>
