<?xml version="1.0" encoding="UTF-8"?>
<!-- Generated by org.testng.reporters.JUnitXMLReporter -->
<testsuite ignored="1" hostname="DESKTOP-76QJ2J4" failures="0" tests="1" name="Default test" time="2.613" errors="0" timestamp="2024-07-11T21:15:16 IST">
  <testcase classname="testcases.SeleFeatures" name="iframeAndAlertHandle" time="0.01"/>
  <testcase classname="testcases.SeleFeatures" name="amazonMiniTvTopNavigationBar" time="0.0">
    <ignored/>
  </testcase> <!-- amazonMiniTvTopNavigationBar -->
</testsuite> <!-- Default test -->
