<?xml version="1.0" encoding="UTF-8"?>
<testng-results ignored="0" total="2" passed="2" failed="0" skipped="0">
  <reporter-output>
  </reporter-output>
  <suite started-at="2025-03-14T22:17:32 IST" name="Default suite" finished-at="2025-03-14T22:17:39 IST" duration-ms="7192">
    <groups>
    </groups>
    <test started-at="2025-03-14T22:17:32 IST" name="Default test" finished-at="2025-03-14T22:17:39 IST" duration-ms="7192">
      <class name="testcases.TestLevelClass">
        <test-method is-config="true" signature="driverInstance()[pri:0, instance:testcases.TestLevelClass@6572421]" started-at="2025-03-14T22:17:32 IST" name="driverInstance" finished-at="2025-03-14T22:17:39 IST" duration-ms="6646" status="PASS">
          <reporter-output>
          </reporter-output>
        </test-method> <!-- driverInstance -->
        <test-method signature="checkPageTitle()[pri:0, instance:testcases.TestLevelClass@6572421]" started-at="2025-03-14T22:17:39 IST" name="checkPageTitle" finished-at="2025-03-14T22:17:39 IST" duration-ms="19" status="PASS">
          <reporter-output>
          </reporter-output>
        </test-method> <!-- checkPageTitle -->
        <test-method signature="checkUserCanEnterInputInNameInputField()[pri:0, instance:testcases.TestLevelClass@6572421]" started-at="2025-03-14T22:17:39 IST" name="checkUserCanEnterInputInNameInputField" finished-at="2025-03-14T22:17:39 IST" duration-ms="188" status="PASS">
          <reporter-output>
          </reporter-output>
        </test-method> <!-- checkUserCanEnterInputInNameInputField -->
        <test-method is-config="true" signature="teardown()[pri:0, instance:testcases.TestLevelClass@6572421]" started-at="2025-03-14T22:17:39 IST" name="teardown" finished-at="2025-03-14T22:17:39 IST" duration-ms="290" status="PASS">
          <reporter-output>
          </reporter-output>
        </test-method> <!-- teardown -->
      </class> <!-- testcases.TestLevelClass -->
    </test> <!-- Default test -->
  </suite> <!-- Default suite -->
</testng-results>
