<?xml version="1.0" encoding="UTF-8"?>
<!-- Generated by org.testng.reporters.JUnitXMLReporter -->
<testsuite ignored="4" hostname="DESKTOP-76QJ2J4" failures="0" tests="1" name="Default test" time="0.044" errors="0" timestamp="2024-06-26T11:23:02 IST">
  <testcase classname="BasicJava_Practice.list_Practice_With_Notes" name="listIteratorInterface" time="0.007"/>
  <testcase classname="BasicJava_Practice.list_Practice_With_Notes" name="sortListInteger" time="0.0">
    <ignored/>
  </testcase> <!-- sortListInteger -->
  <testcase classname="BasicJava_Practice.list_Practice_With_Notes" name="converArrayToList" time="0.0">
    <ignored/>
  </testcase> <!-- converArrayToList -->
  <testcase classname="BasicJava_Practice.list_Practice_With_Notes" name="listForts" time="0.0">
    <ignored/>
  </testcase> <!-- listForts -->
  <testcase classname="BasicJava_Practice.list_Practice_With_Notes" name="sortListStrings" time="0.0">
    <ignored/>
  </testcase> <!-- sortListStrings -->
</testsuite> <!-- Default test -->
