<?xml version="1.0" encoding="UTF-8"?>
<!-- Generated by org.testng.reporters.JUnitXMLReporter -->
<testsuite ignored="1" hostname="DESKTOP-76QJ2J4" failures="0" tests="1" name="Default test" time="10.968" errors="0" timestamp="2024-06-21T16:53:41 IST">
  <testcase classname="Basic_Functions.scroll_mouseHoverPage" name="hoverPage" time="10.939"/>
  <testcase classname="Basic_Functions.scroll_mouseHoverPage" name="scroll" time="0.0">
    <ignored/>
  </testcase> <!-- scroll -->
</testsuite> <!-- Default test -->
