<?xml version="1.0" encoding="UTF-8"?>
<!-- Generated by org.testng.reporters.JUnitXMLReporter -->
<testsuite ignored="1" hostname="PNQ1-LHP-N91337" failures="0" tests="1" name="Default test" time="9.578" errors="0" timestamp="2025-03-13T11:59:30 IST">
  <testcase classname="testcases.seleTest" name="verifyUserCanEnterNameInNameInputBox" time="4.19"/>
  <testcase classname="testcases.seleTest" name="verifyPageTitle" time="0.0">
    <ignored/>
  </testcase> <!-- verifyPageTitle -->
</testsuite> <!-- Default test -->
