<?xml version="1.0" encoding="UTF-8"?>
<!-- Generated by org.testng.reporters.JUnitXMLReporter -->
<testsuite ignored="0" hostname="PNQ1-LHP-N91337" failures="0" tests="5" name="Default test" time="0.053" errors="0" timestamp="2025-04-13T13:27:59 IST">
  <testcase classname="testngPackage.test5" name="f" time="0.01"/>
  <testcase classname="testngPackage.test5" name="g" time="0.001"/>
  <testcase classname="testngPackage.test5" name="x" time="0.0"/>
  <testcase classname="testngPackage.test5" name="y" time="0.001"/>
  <testcase classname="testngPackage.test5" name="b" time="0.002"/>
</testsuite> <!-- Default test -->
