<?xml version="1.0" encoding="UTF-8"?>
<testng-results ignored="1" total="2" passed="1" failed="0" skipped="0">
  <reporter-output>
  </reporter-output>
  <suite started-at="2025-03-13T11:59:20 IST" name="Default suite" finished-at="2025-03-13T11:59:30 IST" duration-ms="9578">
    <groups>
    </groups>
    <test started-at="2025-03-13T11:59:20 IST" name="Default test" finished-at="2025-03-13T11:59:30 IST" duration-ms="9578">
      <class name="testcases.seleTest">
        <test-method is-config="true" signature="driverInstance()[pri:0, instance:testcases.seleTest@6379eb]" started-at="2025-03-13T11:59:20 IST" name="driverInstance" finished-at="2025-03-13T11:59:25 IST" duration-ms="5022" status="PASS">
          <reporter-output>
          </reporter-output>
        </test-method> <!-- driverInstance -->
        <test-method signature="verifyUserCanEnterNameInNameInputBox()[pri:0, instance:testcases.seleTest@6379eb]" started-at="2025-03-13T11:59:25 IST" name="verifyUserCanEnterNameInNameInputBox" finished-at="2025-03-13T11:59:30 IST" duration-ms="4190" status="PASS">
          <reporter-output>
          </reporter-output>
        </test-method> <!-- verifyUserCanEnterNameInNameInputBox -->
        <test-method is-config="true" signature="teardown()[pri:0, instance:testcases.seleTest@6379eb]" started-at="2025-03-13T11:59:30 IST" name="teardown" finished-at="2025-03-13T11:59:30 IST" duration-ms="348" status="PASS">
          <reporter-output>
          </reporter-output>
        </test-method> <!-- teardown -->
      </class> <!-- testcases.seleTest -->
    </test> <!-- Default test -->
  </suite> <!-- Default suite -->
</testng-results>
