<?xml version="1.0" encoding="UTF-8"?>
<!-- Generated by org.testng.reporters.JUnitXMLReporter -->
<testsuite ignored="1" hostname="PNQ1-LHP-N91337" failures="0" tests="2" name="C loan" time="0.008" errors="0" timestamp="2025-04-12T18:15:49 IST">
  <testcase classname="testngPackage.test3" name="LoginAPICarLoan" time="0.001"/>
  <testcase classname="testngPackage.test3" name="MobileLoginCarLoan" time="0.001"/>
  <testcase classname="testngPackage.test3" name="webLoginCarLoan" time="0.0">
    <ignored/>
  </testcase> <!-- webLoginCarLoan -->
</testsuite> <!-- C loan -->
