<?xml version="1.0" encoding="UTF-8"?>
<!-- Generated by org.testng.reporters.JUnitXMLReporter -->
<testsuite ignored="0" hostname="PNQ1-LHP-N91337" failures="0" tests="13" name="P loan" time="0.103" errors="0" timestamp="2025-04-12T22:13:55 IST">
  <testcase classname="testngPackage.test1" name="AsecondTest2" time="0.012"/>
  <testcase classname="testngPackage.test1" name="BSecondTest4" time="0.015"/>
  <testcase classname="testngPackage.test1" name="DSecondTest3" time="0.002"/>
  <testcase classname="testngPackage.test1" name="CSecondTest1" time="0.004"/>
  <testcase classname="testngPackage.test1" name="demo" time="0.003"/>
  <testcase classname="testngPackage.test2" name="loan" time="0.0"/>
  <testcase classname="testngPackage.test3" name="MobileLoginCarLoan" time="0.002"/>
  <testcase classname="testngPackage.test3" name="LoginAPICarLoan" time="0.002"/>
  <testcase classname="testngPackage.test3" name="firlastst" time="0.003"/>
  <testcase classname="testngPackage.test3" name="webLoginCarLoan" time="0.003"/>
  <testcase classname="testngPackage.test4" name="LoginAPIHOMELoan" time="0.003"/>
  <testcase classname="testngPackage.test4" name="webLoginHOMELoan" time="0.001"/>
  <testcase classname="testngPackage.test4" name="MobileLoginHOMELoan" time="0.005"/>
</testsuite> <!-- P loan -->
